21:57:24.938 INFO  Сообщение от @kochnevnsТекст сообщения: "rtr"Дата: 21:57:24 
21:59:22.736 INFO  Сообщение от @kochnevns. Текст сообщения: "dsaas" 
21:59:24.642 INFO  Сообщение от @kochnevns. Текст сообщения: "qweqwe" 
22:00:07.547 INFO  Сообщение от @. Текст сообщения: "Про" 
22:00:18.128 INFO  Сообщение от @. Текст сообщения: "Не" 
22:04:14.796 INFO  Сообщение от @kochnevns. Текст сообщения: "dasa" 
22:04:16.655 INFO  Сообщение от @kochnevns. Текст сообщения: "adasd" 
22:04:19.859 INFO  Сообщение от @kochnevns. Текст сообщения: "ыфвфыв" 
22:04:21.007 INFO  Сообщение от @kochnevns. Текст сообщения: "вфвфы" 
22:04:22.546 INFO  Сообщение от @kochnevns. Текст сообщения: "фвывфывфывф" 
22:06:54.580 INFO  Сообщение от @. Текст сообщения: "А" 
22:07:09.210 INFO  Сообщение от @. Текст сообщения: "О" 
22:07:29.384 INFO  Сообщение от @. Текст сообщения: "Про" 
22:07:33.582 INFO  Сообщение от @. Текст сообщения: "Про" 
22:08:56.546 INFO  Сообщение от @Никита Кочнев. Текст сообщения: "dsada" 
22:12:19.576 INFO  Сообщение от @Никита Кочнев. Текст сообщения: "dsa" 
16:51:02.771 INFO  Сообщение от @Ilya . Текст сообщения: "кек" 
16:59:35.488 INFO  Сообщение от @Никита Кочнев. Текст сообщения: "лдодл" 
17:00:28.129 INFO  Сообщение от @Никита Кочнев. Текст сообщения: "орлорлор" 
17:02:03.418 INFO  Сообщение от @Никита Кочнев. Текст сообщения: "Nah" 
17:03:06.779 INFO  Сообщение от @Никита Кочнев. Текст сообщения: "Gah" 
17:05:18.270 INFO  Сообщение от @Никита Кочнев. Текст сообщения: "dasd" 
17:06:34.590 INFO  Сообщение от @Никита Кочнев. Текст сообщения: "wew" 
17:10:11.138 INFO  Сообщение от @Никита Кочнев. Текст сообщения: "олрил" 
17:11:45.161 INFO  Сообщение от @эIlya . Текст сообщения: "кек" 
17:11:45.646 INFO  Сообщение от @Ilya . Текст сообщения: "кек" 
17:11:46.179 INFO  Сообщение от @Ilya . Текст сообщения: "кек" 
17:11:47.296 INFO  Сообщение от @Ilya . Текст сообщения: "кек" 
17:11:47.794 INFO  Сообщение от @Ilya . Текст сообщения: "кек" 
17:11:49.123 INFO  Сообщение от @Ilya . Текст сообщения: "кек" 
17:11:50.881 INFO  Сообщение от @Ilya . Текст сообщения: "кек" 
17:14:04.035 INFO  Сообщение от @Никита Кочнев. Текст сообщения: "dasda" 
17:14:04.040 INFO  Сообщение от @Никита Кочнев. Текст сообщения: "dsa" 
17:14:04.425 INFO  Сообщение от @Никита Кочнев. Текст сообщения: "dsad" 
17:14:35.492 INFO  Сообщение от @Никита Кочнев. Текст сообщения: "adsad" 
17:14:41.781 INFO  Отправляем расписание человеку @Никита КочневРасписание: ["Отправление от Госпиталь                                         ","17.15o Ав 44","17.18o Ав 78","17.25o Ав 78","17.32o Ав 44","17.33o Ав 78","17.49o Ав 44","17.52o Ав 8","18.19o Ав 8","18.33o Ав 8"] 
17:15:49.525 INFO  Сообщение от @Никита Кочнев. Текст сообщения: "выфвф" 
17:15:59.212 INFO  Отправляем расписание пользователю @Никита Кочнев 
17:16:43.498 INFO  Отправляем расписание пользователю @Никита Кочнев 
18:20:02.637 INFO  Сообщение от @Никита Кочнев. Текст сообщения: "вфыф" 
18:20:10.773 INFO  Отправляем расписание пользователю @Никита Кочнев 
19:24:23.107 INFO  Сообщение от @Никита Кочнев. Текст сообщения: "jhjk" 
19:24:32.022 INFO  Отправляем расписание пользователю @Никита Кочнев 
20:01:27.687 INFO  Сообщение от @Никита Кочнев. Текст сообщения: "вфывфы" 
20:01:42.416 INFO  Отправляем расписание пользователю @Никита Кочнев 
20:02:24.853 INFO  Отправляем расписание пользователю @Никита Кочнев 
20:07:04.303 INFO  Сообщение от @Никита Кочнев. Текст сообщения: "вфыв" 
20:07:13.430 INFO  Отправляем расписание пользователю @Никита Кочнев 
20:08:09.577 INFO  Сообщение от @Artyom . Текст сообщения: "/start" 
20:08:27.125 INFO  Отправляем расписание пользователю @Artyom  
20:09:06.017 INFO  Отправляем расписание пользователю @Artyom  
20:09:16.570 INFO  Отправляем расписание пользователю @Никита Кочнев 
20:09:19.801 INFO  Отправляем расписание пользователю @Никита Кочнев 
20:11:47.735 INFO  Отправляем расписание пользователю @Никита Кочнев 
20:11:50.192 INFO  Отправляем расписание пользователю @Никита Кочнев 
20:16:52.490 INFO  Сообщение от @Никита Кочнев. Текст сообщения: "рлорло" 
20:17:06.615 INFO  Отправляем расписание пользователю @Никита Кочнев 
20:18:11.871 INFO  Отправляем расписание пользователю @Никита Кочнев 
20:19:16.486 INFO  Отправляем расписание пользователю @Никита Кочнев 
20:21:24.076 INFO  Сообщение от @Варечка . Текст сообщения: "/start" 
20:21:27.934 INFO  Отправляем расписание пользователю @Варечка  
20:21:45.891 INFO  Сообщение от @Kate Demidova. Текст сообщения: "Рвов" 
20:21:47.114 INFO  Отправляем расписание пользователю @Варечка  
20:21:50.317 INFO  Отправляем расписание пользователю @Kate Demidova 
20:22:00.889 INFO  Отправляем расписание пользователю @Варечка  
20:22:25.011 INFO  Пришли координаты от @Kate Demidova. Локация: "{"latitude":57.634227,"longitude":39.826106}" 
20:22:28.536 INFO  Отправляем расписание пользователю @Kate Demidova 
20:22:33.064 INFO  Отправляем расписание пользователю @Kate Demidova 
20:23:00.667 INFO  Пришли координаты от @Никита Кочнев. Локация: "{"latitude":57.622312,"longitude":39.85645}" 
20:23:04.048 INFO  Начинаем обрабатывать сообщение от @Никита Кочнев. ссылка: "http://yartr.ru/rasp.php?vt=1&nmar=78&q=1&id=54&view=2" 
20:23:04.508 INFO  Отправляем расписание пользователю @Никита Кочнев 
20:24:25.925 INFO  Пришли координаты от @Варечка . Локация: "{"latitude":57.624851,"longitude":39.879109}" 
20:24:32.494 INFO  Начинаем обрабатывать сообщение от @Варечка . ссылка: "http://yartr.ru/rasp.php?vt=1&nmar=78&q=1&id=56&view=2" 
20:24:33.299 INFO  Отправляем расписание пользователю @Варечка  
21:02:51.499 INFO  Сообщение от @Никита Кочнев. Текст сообщения: "/start" 
21:03:03.729 INFO  Пришли координаты от @Никита Кочнев. Локация: "{"latitude":57.621247,"longitude":39.858099}" 
21:03:06.244 INFO  Начинаем обрабатывать сообщение от @Никита Кочнев. ссылка: "http://yartr.ru/rasp.php?vt=1&nmar=78&q=1&id=54&view=2" 
21:03:06.891 INFO  Отправляем расписание пользователю @Никита Кочнев 
21:15:36.084 INFO  Пришли координаты от @Ilya . Локация: "{"latitude":57.622097,"longitude":39.92707}" 
21:15:43.767 INFO  Начинаем обрабатывать сообщение от @Ilya . ссылка: "http://yartr.ru/rasp.php?vt=1&nmar=78&q=1&id=302&view=2" 
21:15:43.911 INFO  Отправляем расписание пользователю @Ilya  
21:15:45.469 INFO  Начинаем обрабатывать сообщение от @Ilya . ссылка: "http://yartr.ru/rasp.php?vt=1&nmar=78&q=1&id=302&view=2" 
21:15:45.638 INFO  Отправляем расписание пользователю @Ilya  
21:15:53.638 INFO  Пришли координаты от @Никита Кочнев. Локация: "{"latitude":57.612919,"longitude":39.948125}" 
21:15:55.343 INFO  Начинаем обрабатывать сообщение от @Никита Кочнев. ссылка: "http://yartr.ru/rasp.php?vt=1&nmar=78&q=1&id=864&view=2" 
21:15:56.158 INFO  Отправляем расписание пользователю @Никита Кочнев 
21:16:23.127 INFO  Пришли координаты от @Ilya . Локация: "{"latitude":57.638741,"longitude":39.883}" 
21:16:25.810 INFO  Начинаем обрабатывать сообщение от @Ilya . ссылка: "http://yartr.ru/rasp.php?vt=1&nmar=78&q=1&id=295&view=2" 
21:16:27.451 INFO  Отправляем расписание пользователю @Ilya  
21:16:29.285 INFO  Пришли координаты от @Никита Кочнев. Локация: "{"latitude":57.67903,"longitude":39.756327}" 
21:16:43.262 INFO  Начинаем обрабатывать сообщение от @Никита Кочнев. ссылка: "http://yartr.ru/rasp.php?vt=1&nmar=78&q=1&id=329&view=2" 
21:16:43.598 INFO  Отправляем расписание пользователю @Никита Кочнев 
21:18:14.008 INFO  Сообщение от @Ruslan Chekalov. Текст сообщения: "/start start" 
21:18:18.553 INFO  Начинаем обрабатывать сообщение от @Ruslan Chekalov. ссылка: "http://yartr.ru/rasp.php?vt=1&nmar=78&q=0&id=47&view=2" 
21:18:20.262 INFO  Отправляем расписание пользователю @Ruslan Chekalov 
21:18:27.543 INFO  Начинаем обрабатывать сообщение от @Ruslan Chekalov. ссылка: "http://yartr.ru/rasp.php?vt=1&nmar=78&q=1&id=424&view=2" 
21:18:27.881 INFO  Отправляем расписание пользователю @Ruslan Chekalov 
21:18:49.378 INFO  Пришли координаты от @Ruslan Chekalov. Локация: "{"latitude":57.678615,"longitude":39.778189}" 
21:18:59.826 INFO  Начинаем обрабатывать сообщение от @Ruslan Chekalov. ссылка: "http://yartr.ru/rasp.php?vt=1&nmar=78&q=1&id=103&view=2" 
21:19:00.110 INFO  Отправляем расписание пользователю @Ruslan Chekalov 
21:19:09.764 INFO  Сообщение от @Ilya . Текст сообщения: "Кек" 
21:29:54.453 INFO  Сообщение от @Никита Кочнев. Текст сообщения: "jhhj" 
21:29:58.991 INFO  Пришли координаты от @Никита Кочнев. Локация: "{"latitude":57.622312,"longitude":39.85645}" 
21:30:03.992 INFO  Начинаем обрабатывать сообщение от @Никита Кочнев. ссылка: "http://yartr.ru/rasp.php?vt=1&nmar=78&q=1&id=http://yartr.ru/rasp.php?vt=1&nmar=78&q=1&id=632&view=2&view=2" 
21:30:04.351 INFO  Отправляем расписание пользователю @Никита Кочнев 
21:33:03.658 INFO  Сообщение от @Никита Кочнев. Текст сообщения: "aadsda" 
21:33:08.007 INFO  Пришли координаты от @Никита Кочнев. Локация: "{"latitude":57.622312,"longitude":39.85645}" 
21:33:23.167 INFO  Начинаем обрабатывать сообщение от @Никита Кочнев. ссылка: "http://yartr.ru/rasp.php?vt=1&nmar=78&q=1&id=632&view=2" 
21:33:23.878 INFO  Отправляем расписание пользователю @Никита Кочнев 
21:40:45.266 INFO  Сообщение от @Iwan Borisovich. Текст сообщения: "/start" 
21:40:52.586 INFO  Начинаем обрабатывать сообщение от @Iwan Borisovich. ссылка: "http://yartr.ru/rasp.php?vt=1&nmar=78&q=0&id=47&view=2" 
21:40:52.938 INFO  Отправляем расписание пользователю @Iwan Borisovich 
21:41:21.887 INFO  Сообщение от @Iwan Borisovich. Текст сообщения: "ну ко" 
21:44:13.652 INFO  Пришли координаты от @Никита Кочнев. Локация: "{"latitude":57.622312,"longitude":39.85645}" 
21:44:18.763 INFO  Начинаем обрабатывать сообщение от @Никита Кочнев. ссылка: "http://yartr.ru/rasp.php?vt=1&nmar=78&q=1&id=632&view=2" 
21:44:19.065 INFO  Отправляем расписание пользователю @Никита Кочнев 
21:49:43.683 INFO  Пришли координаты от @Ilya . Локация: "{"latitude":57.621489,"longitude":39.857925}" 
21:55:53.969 INFO  Пришли координаты от @Никита Кочнев. Локация: "{"latitude":57.622312,"longitude":39.85645}" 
21:55:56.577 INFO  Начинаем обрабатывать сообщение от @Никита Кочнев. ссылка: "http://yartr.ru/rasp.php?vt=1&nmar=78&q=1&id=632&view=2" 
21:55:56.947 INFO  Отправляем расписание пользователю @Никита Кочнев 
21:56:18.391 INFO  Пришли координаты от @Ilya . Локация: "{"latitude":57.621434,"longitude":39.857901}" 
21:56:20.555 INFO  Начинаем обрабатывать сообщение от @Ilya . ссылка: "http://yartr.ru/rasp.php?vt=1&nmar=78&q=1&id=632&view=2" 
21:56:20.918 INFO  Отправляем расписание пользователю @Ilya  
21:56:23.931 INFO  Начинаем обрабатывать сообщение от @Ilya . ссылка: "http://yartr.ru/rasp.php?vt=1&nmar=78&q=1&id=629&view=2" 
21:56:24.111 INFO  Отправляем расписание пользователю @Ilya  
21:56:51.915 INFO  Пришли координаты от @Ilya . Локация: "{"latitude":57.639472,"longitude":39.884448}" 
21:56:54.036 INFO  Начинаем обрабатывать сообщение от @Ilya . ссылка: "http://yartr.ru/rasp.php?vt=1&nmar=78&q=1&id=295&view=2" 
21:56:54.401 INFO  Отправляем расписание пользователю @Ilya  
21:57:59.532 INFO  Пришли координаты от @Никита Кочнев. Локация: "{"latitude":57.622312,"longitude":39.85645}" 
21:58:01.801 INFO  Начинаем обрабатывать сообщение от @Никита Кочнев. ссылка: "http://yartr.ru/rasp.php?vt=1&nmar=78&q=1&id=629&view=2" 
21:58:02.076 INFO  Отправляем расписание пользователю @Никита Кочнев 
21:58:05.324 INFO  Начинаем обрабатывать сообщение от @Никита Кочнев. ссылка: "http://yartr.ru/rasp.php?vt=1&nmar=78&q=1&id=632&view=2" 
21:58:06.146 INFO  Отправляем расписание пользователю @Никита Кочнев 
22:25:35.671 INFO  Пришли координаты от @Никита Кочнев. Локация: "{"latitude":57.622312,"longitude":39.85645}" 
22:25:41.449 INFO  Начинаем обрабатывать сообщение от @Никита Кочнев. ссылка: "http://yartr.ru/rasp.php?vt=1&nmar=78&q=1&id=632&view=2" 
22:25:41.599 INFO  Отправляем расписание пользователю @Никита Кочнев 
22:26:27.883 INFO  Пришли координаты от @Никита Кочнев. Локация: "{"latitude":57.620277,"longitude":39.824723}" 
22:26:30.322 INFO  Начинаем обрабатывать сообщение от @Никита Кочнев. ссылка: "http://yartr.ru/rasp.php?vt=1&nmar=78&q=1&id=75&view=2" 
22:26:30.547 INFO  Отправляем расписание пользователю @Никита Кочнев 
22:27:21.102 INFO  Пришли координаты от @Никита Кочнев. Локация: "{"latitude":57.637786,"longitude":39.785995}" 
22:27:23.080 INFO  Начинаем обрабатывать сообщение от @Никита Кочнев. ссылка: "http://yartr.ru/rasp.php?vt=1&nmar=78&q=1&id=80&view=2" 
22:27:23.253 INFO  Отправляем расписание пользователю @Никита Кочнев 
22:27:44.253 INFO  Пришли координаты от @Никита Кочнев. Локация: "{"latitude":57.633693,"longitude":39.865431}" 
22:27:46.172 INFO  Начинаем обрабатывать сообщение от @Никита Кочнев. ссылка: "http://yartr.ru/rasp.php?vt=1&nmar=78&q=1&id=124&view=2" 
22:27:46.261 INFO  Отправляем расписание пользователю @Никита Кочнев 
22:27:49.757 INFO  Начинаем обрабатывать сообщение от @Никита Кочнев. ссылка: "http://yartr.ru/rasp.php?vt=1&nmar=78&q=1&id=312&view=2" 
22:27:50.103 INFO  Отправляем расписание пользователю @Никита Кочнев 
22:28:20.731 INFO  Пришли координаты от @Никита Кочнев. Локация: "{"latitude":57.697062,"longitude":39.759058}" 
22:28:23.185 INFO  Начинаем обрабатывать сообщение от @Никита Кочнев. ссылка: "http://yartr.ru/rasp.php?vt=1&nmar=78&q=1&id=93&view=2" 
22:28:23.403 INFO  Отправляем расписание пользователю @Никита Кочнев 
22:28:32.867 INFO  Начинаем обрабатывать сообщение от @Никита Кочнев. ссылка: "http://yartr.ru/rasp.php?vt=1&nmar=78&q=1&id=93&view=2" 
22:28:33.069 INFO  Отправляем расписание пользователю @Никита Кочнев 
22:28:38.088 INFO  Начинаем обрабатывать сообщение от @Никита Кочнев. ссылка: "http://yartr.ru/rasp.php?vt=1&nmar=78&q=1&id=93&view=2" 
22:28:38.243 INFO  Отправляем расписание пользователю @Никита Кочнев 
22:28:58.190 INFO  Пришли координаты от @Никита Кочнев. Локация: "{"latitude":57.682152,"longitude":39.815913}" 
22:29:00.483 INFO  Начинаем обрабатывать сообщение от @Никита Кочнев. ссылка: "http://yartr.ru/rasp.php?vt=1&nmar=78&q=1&id=133&view=2" 
22:29:01.119 INFO  Отправляем расписание пользователю @Никита Кочнев 
22:29:03.896 INFO  Начинаем обрабатывать сообщение от @Никита Кочнев. ссылка: "http://yartr.ru/rasp.php?vt=1&nmar=78&q=1&id=133&view=2" 
22:29:04.816 INFO  Отправляем расписание пользователю @Никита Кочнев 
22:29:07.889 INFO  Начинаем обрабатывать сообщение от @Никита Кочнев. ссылка: "http://yartr.ru/rasp.php?vt=1&nmar=78&q=1&id=133&view=2" 
22:29:08.785 INFO  Отправляем расписание пользователю @Никита Кочнев 
22:29:13.724 INFO  Начинаем обрабатывать сообщение от @Никита Кочнев. ссылка: "http://yartr.ru/rasp.php?vt=1&nmar=78&q=1&id=133&view=2" 
22:29:13.986 INFO  Отправляем расписание пользователю @Никита Кочнев 
22:30:33.599 INFO  Пришли координаты от @Никита Кочнев. Локация: "{"latitude":57.69292,"longitude":39.772427}" 
22:30:35.163 INFO  Начинаем обрабатывать сообщение от @Никита Кочнев. ссылка: "http://yartr.ru/rasp.php?vt=1&nmar=78&q=1&id=91&view=2" 
22:30:35.405 INFO  Отправляем расписание пользователю @Никита Кочнев 
22:30:37.278 INFO  Начинаем обрабатывать сообщение от @Никита Кочнев. ссылка: "http://yartr.ru/rasp.php?vt=1&nmar=78&q=1&id=100&view=2" 
22:30:37.603 INFO  Отправляем расписание пользователю @Никита Кочнев 
07:38:43.433 INFO  Пришли координаты от @Варечка . Локация: "{"latitude":57.632108,"longitude":39.867435}" 
10:41:01.050 INFO  Пришли координаты от @Ilya . Локация: "{"latitude":57.626709,"longitude":39.857114}" 
12:44:49.137 INFO  Сообщение от @Никита Кочнев. Текст сообщения: "adsad" 
12:44:57.593 INFO  Пришли координаты от @Никита Кочнев. Локация: "{"latitude":57.622312,"longitude":39.85645}" 
12:44:59.999 INFO  Начинаем обрабатывать сообщение от @Никита Кочнев. ссылка: "http://yartr.ru/rasp.php?vt=1&nmar=78&q=1&id=632&view=2" 
12:45:00.275 INFO  Отправляем расписание пользователю @Никита Кочнев 
12:47:54.290 INFO  Сообщение от @Никита Кочнев. Текст сообщения: "dassa" 
16:12:34.602 INFO  Сообщение от @Никита Кочнев. Текст сообщения: "фвыфвф" 
16:17:04.952 INFO  Пришли координаты от @Никита Кочнев. Локация: "{"latitude":57.630881,"longitude":39.840874}" 
16:17:40.837 INFO  Пришли координаты от @Никита Кочнев. Локация: "{"latitude":57.630913,"longitude":39.840802}" 
16:18:19.578 INFO  Пришли координаты от @Никита Кочнев. Локация: "{"latitude":57.630881,"longitude":39.840874}" 
16:18:22.275 INFO  Начинаем обрабатывать сообщение от @Никита Кочнев. ссылка: "http://yartr.ru/rasp.php?vt=1&nmar=78&q=1&id=424&view=2" 
16:19:00.267 INFO  Пришли координаты от @Никита Кочнев. Локация: "{"latitude":57.630981,"longitude":39.840724}" 
16:19:02.026 INFO  Начинаем обрабатывать сообщение от @Никита Кочнев. ссылка: "http://yartr.ru/rasp.php?vt=1&nmar=78&q=1&id=424&view=2" 
16:19:02.616 INFO  Отправляем расписание пользователю @Никита Кочнев 
16:19:04.467 INFO  Начинаем обрабатывать сообщение от @Никита Кочнев. ссылка: "http://yartr.ru/rasp.php?vt=1&nmar=78&q=1&id=424&view=2" 
16:19:05.182 INFO  Отправляем расписание пользователю @Никита Кочнев 
